# JRE version: 7.0_21-b11
# Java VM: Java HotSpot(TM) Client VM (23.21-b01 mixed mode windows-x86 )
Heap
 def new generation   total 5056K, used 995K [0x04270000, 0x047e0000, 0x097c0000)
  eden space 4544K,  10% used [0x04270000, 0x042e8c10, 0x046e0000)
  from space 512K,  99% used [0x04760000, 0x047dfff8, 0x047e0000)
  to   space 512K,   0% used [0x046e0000, 0x046e0000, 0x04760000)
 tenured generation   total 10944K, used 7086K [0x097c0000, 0x0a270000, 0x14270000)
   the space 10944K,  64% used [0x097c0000, 0x09eab858, 0x09eaba00, 0x0a270000)
 compacting perm gen  total 18944K, used 18858K [0x14270000, 0x154f0000, 0x18270000)
   the space 18944K,  99% used [0x14270000, 0x154dab00, 0x154dac00, 0x154f0000)
GC Heap History (10 events):
Event: 2.608 GC heap before
{Heap before GC invocations=27 (full 1):
 def new generation   total 5056K, used 4544K [0x04270000, 0x047e0000, 0x097c0000)
  eden space 4544K, 100% used [0x04270000, 0x046e0000, 0x046e0000)
  from space 512K,   0% used [0x046e0000, 0x046e0000, 0x04760000)
  to   space 512K,   0% used [0x04760000, 0x04760000, 0x047e0000)
 tenured generation   total 10944K, used 5504K [0x097c0000, 0x0a270000, 0x14270000)
   the space 10944K,  50% used [0x097c0000, 0x09d20158, 0x09d20200, 0x0a270000)
 compacting perm gen  total 16640K, used 16481K [0x14270000, 0x152b0000, 0x18270000)
   the space 16640K,  99% used [0x14270000, 0x15288650, 0x15288800, 0x152b0000)
No shared spaces configured.
Event: 2.610 GC heap after
Heap after GC invocations=28 (full 1):
 def new generation   total 5056K, used 512K [0x04270000, 0x047e0000, 0x097c0000)
  eden space 4544K,   0% used [0x04270000, 0x04270000, 0x046e0000)
  from space 512K, 100% used [0x04760000, 0x047e0000, 0x047e0000)
  to   space 512K,   0% used [0x046e0000, 0x046e0000, 0x04760000)
 tenured generation   total 10944K, used 5511K [0x097c0000, 0x0a270000, 0x14270000)
   the space 10944K,  50% used [0x097c0000, 0x09d21cc0, 0x09d21e00, 0x0a270000)
 compacting perm gen  total 16640K, used 16481K [0x14270000, 0x152b0000, 0x18270000)
   the space 16640K,  99% used [0x14270000, 0x15288650, 0x15288800, 0x152b0000)
No shared spaces configured.
}
Event: 2.693 GC heap before
{Heap before GC invocations=28 (full 1):
 def new generation   total 5056K, used 5056K [0x04270000, 0x047e0000, 0x097c0000)
  eden space 4544K, 100% used [0x04270000, 0x046e0000, 0x046e0000)
  from space 512K, 100% used [0x04760000, 0x047e0000, 0x047e0000)
  to   space 512K,   0% used [0x046e0000, 0x046e0000, 0x04760000)
 tenured generation   total 10944K, used 5512K [0x097c0000, 0x0a270000, 0x14270000)
   the space 10944K,  50% used [0x097c0000, 0x09d22230, 0x09d22400, 0x0a270000)
 compacting perm gen  total 16896K, used 16859K [0x14270000, 0x152f0000, 0x18270000)
   the space 16896K,  99% used [0x14270000, 0x152e6c60, 0x152e6e00, 0x152f0000)
No shared spaces configured.
Event: 2.696 GC heap after
Heap after GC invocations=29 (full 1):
 def new generation   total 5056K, used 511K [0x04270000, 0x047e0000, 0x097c0000)
  eden space 4544K,   0% used [0x04270000, 0x04270000, 0x046e0000)
  from space 512K,  99% used [0x046e0000, 0x0475fff8, 0x04760000)
  to   space 512K,   0% used [0x04760000, 0x04760000, 0x047e0000)
 tenured generation   total 10944K, used 6062K [0x097c0000, 0x0a270000, 0x14270000)
   the space 10944K,  55% used [0x097c0000, 0x09dab9a0, 0x09daba00, 0x0a270000)
 compacting perm gen  total 16896K, used 16859K [0x14270000, 0x152f0000, 0x18270000)
   the space 16896K,  99% used [0x14270000, 0x152e6c60, 0x152e6e00, 0x152f0000)
No shared spaces configured.
}
Event: 7.816 GC heap before
{Heap before GC invocations=29 (full 1):
 def new generation   total 5056K, used 5055K [0x04270000, 0x047e0000, 0x097c0000)
  eden space 4544K, 100% used [0x04270000, 0x046e0000, 0x046e0000)
  from space 512K,  99% used [0x046e0000, 0x0475fff8, 0x04760000)
  to   space 512K,   0% used [0x04760000, 0x04760000, 0x047e0000)
 tenured generation   total 10944K, used 6062K [0x097c0000, 0x0a270000, 0x14270000)
   the space 10944K,  55% used [0x097c0000, 0x09dab9a0, 0x09daba00, 0x0a270000)
 compacting perm gen  total 17664K, used 17424K [0x14270000, 0x153b0000, 0x18270000)
   the space 17664K,  98% used [0x14270000, 0x153742b8, 0x15374400, 0x153b0000)
No shared spaces configured.
Event: 7.820 GC heap after
Heap after GC invocations=30 (full 1):
 def new generation   total 5056K, used 512K [0x04270000, 0x047e0000, 0x097c0000)
  eden space 4544K,   0% used [0x04270000, 0x04270000, 0x046e0000)
  from space 512K, 100% used [0x04760000, 0x047e0000, 0x047e0000)
  to   space 512K,   0% used [0x046e0000, 0x046e0000, 0x04760000)
 tenured generation   total 10944K, used 6446K [0x097c0000, 0x0a270000, 0x14270000)
   the space 10944K,  58% used [0x097c0000, 0x09e0b980, 0x09e0ba00, 0x0a270000)
 compacting perm gen  total 17664K, used 17424K [0x14270000, 0x153b0000, 0x18270000)
   the space 17664K,  98% used [0x14270000, 0x153742b8, 0x15374400, 0x153b0000)
No shared spaces configured.
}
Event: 7.909 GC heap before
{Heap before GC invocations=30 (full 1):
 def new generation   total 5056K, used 5056K [0x04270000, 0x047e0000, 0x097c0000)
  eden space 4544K, 100% used [0x04270000, 0x046e0000, 0x046e0000)
  from space 512K, 100% used [0x04760000, 0x047e0000, 0x047e0000)
  to   space 512K,   0% used [0x046e0000, 0x046e0000, 0x04760000)
 tenured generation   total 10944K, used 6446K [0x097c0000, 0x0a270000, 0x14270000)
   the space 10944K,  58% used [0x097c0000, 0x09e0b980, 0x09e0ba00, 0x0a270000)
 compacting perm gen  total 18176K, used 18003K [0x14270000, 0x15430000, 0x18270000)
   the space 18176K,  99% used [0x14270000, 0x15404da0, 0x15404e00, 0x15430000)
No shared spaces configured.
Event: 7.911 GC heap after
Heap after GC invocations=31 (full 1):
 def new generation   total 5056K, used 511K [0x04270000, 0x047e0000, 0x097c0000)
  eden space 4544K,   0% used [0x04270000, 0x04270000, 0x046e0000)
  from space 512K,  99% used [0x046e0000, 0x0475fff8, 0x04760000)
  to   space 512K,   0% used [0x04760000, 0x04760000, 0x047e0000)
 tenured generation   total 10944K, used 6777K [0x097c0000, 0x0a270000, 0x14270000)
   the space 10944K,  61% used [0x097c0000, 0x09e5e750, 0x09e5e800, 0x0a270000)
 compacting perm gen  total 18176K, used 18003K [0x14270000, 0x15430000, 0x18270000)
   the space 18176K,  99% used [0x14270000, 0x15404da0, 0x15404e00, 0x15430000)
No shared spaces configured.
}
Event: 8.032 GC heap before
{Heap before GC invocations=31 (full 1):
 def new generation   total 5056K, used 5055K [0x04270000, 0x047e0000, 0x097c0000)
  eden space 4544K, 100% used [0x04270000, 0x046e0000, 0x046e0000)
  from space 512K,  99% used [0x046e0000, 0x0475fff8, 0x04760000)
  to   space 512K,   0% used [0x04760000, 0x04760000, 0x047e0000)
 tenured generation   total 10944K, used 6777K [0x097c0000, 0x0a270000, 0x14270000)
   the space 10944K,  61% used [0x097c0000, 0x09e5e750, 0x09e5e800, 0x0a270000)
 compacting perm gen  total 18944K, used 18792K [0x14270000, 0x154f0000, 0x18270000)
   the space 18944K,  99% used [0x14270000, 0x154ca088, 0x154ca200, 0x154f0000)
No shared spaces configured.
Event: 8.035 GC heap after
Heap after GC invocations=32 (full 1):
 def new generation   total 5056K, used 511K [0x04270000, 0x047e0000, 0x097c0000)
  eden space 4544K,   0% used [0x04270000, 0x04270000, 0x046e0000)
  from space 512K,  99% used [0x04760000, 0x047dfff8, 0x047e0000)
  to   space 512K,   0% used [0x046e0000, 0x046e0000, 0x04760000)
 tenured generation   total 10944K, used 7086K [0x097c0000, 0x0a270000, 0x14270000)
   the space 10944K,  64% used [0x097c0000, 0x09eab858, 0x09eaba00, 0x0a270000)
 compacting perm gen  total 18944K, used 18792K [0x14270000, 0x154f0000, 0x18270000)
   the space 18944K,  99% used [0x14270000, 0x154ca088, 0x154ca200, 0x154f0000)
No shared spaces configured.
}

